[Info  - 14:47:00.573] Starting TS Server 
[Info  - 14:47:00.573] Using tsserver from: /home/ubuntu/.vscode-server/bin/c3f126316369cd610563c75b1b1725e0679adfb3/extensions/node_modules/typescript/lib/tsserver.js
[Info  - 14:47:00.575] <syntax> Forking...
[Info  - 14:47:00.579] <syntax> Starting...
[Info  - 14:47:00.580] <semantic> Forking...
[Info  - 14:47:00.586] <semantic> Starting...
[Info  - 16:51:20.81] TSServer exited. Signal: SIGKILL
[Info  - 16:51:20.87] Starting TS Server 
[Info  - 16:51:20.87] Using tsserver from: /home/ubuntu/.vscode-server/bin/c3f126316369cd610563c75b1b1725e0679adfb3/extensions/node_modules/typescript/lib/tsserver.js
[Info  - 16:51:20.105] <syntax> Forking...
[Info  - 16:51:20.130] <syntax> Starting...
[Info  - 16:51:20.131] <semantic> Forking...
[Info  - 16:51:20.138] <semantic> Starting...
[Info  - 17:17:45.315] TSServer exited. Signal: SIGKILL
[Info  - 17:17:45.323] Starting TS Server 
[Info  - 17:17:45.323] Using tsserver from: /home/ubuntu/.vscode-server/bin/c3f126316369cd610563c75b1b1725e0679adfb3/extensions/node_modules/typescript/lib/tsserver.js
[Info  - 17:17:45.334] <syntax> Forking...
[Info  - 17:17:45.343] <syntax> Starting...
[Info  - 17:17:45.344] <semantic> Forking...
[Info  - 17:17:45.351] <semantic> Starting...
[Info  - 17:23:19.194] TSServer exited. Signal: SIGTERM
[Info  - 17:23:19.194] Starting TS Server 
[Info  - 17:23:19.194] Not starting server. Disposed 
