0 info it worked if it ends with ok
1 verbose cli [ '/usr/bin/node', '/usr/bin/npm', 'install', '--global', 'yarn' ]
2 info using npm@6.14.13
3 info using node@v14.17.2
4 verbose npm-session 4dd4102a763f7d17
5 silly install loadCurrentTree
6 silly install readGlobalPackageData
7 http fetch GET 200 https://registry.npmjs.org/yarn 101ms
8 http fetch GET 200 https://registry.npmjs.org/yarn/-/yarn-1.22.11.tgz 112ms
9 silly pacote tag manifest for yarn@latest fetched in 230ms
10 timing stage:loadCurrentTree Completed in 255ms
11 silly install loadIdealTree
12 silly install cloneCurrentTreeToIdealTree
13 timing stage:loadIdealTree:cloneCurrentTree Completed in 0ms
14 silly install loadShrinkwrap
15 timing stage:loadIdealTree:loadShrinkwrap Completed in 1ms
16 silly install loadAllDepsIntoIdealTree
17 silly resolveWithNewModule yarn@1.22.11 checking installable status
18 timing stage:loadIdealTree:loadAllDepsIntoIdealTree Completed in 4ms
19 timing stage:loadIdealTree Completed in 6ms
20 silly currentTree lib
21 silly idealTree lib
21 silly idealTree └── yarn@1.22.11
22 silly install generateActionsToTake
23 warn checkPermissions Missing write access to /usr/lib/node_modules
24 timing stage:rollbackFailedOptional Completed in 1ms
25 timing stage:runTopLevelLifecycles Completed in 267ms
26 verbose stack Error: EACCES: permission denied, access '/usr/lib/node_modules'
27 verbose cwd /home/ubuntu
28 verbose Linux 5.4.0-1045-aws
29 verbose argv "/usr/bin/node" "/usr/bin/npm" "install" "--global" "yarn"
30 verbose node v14.17.2
31 verbose npm  v6.14.13
32 error code EACCES
33 error syscall access
34 error path /usr/lib/node_modules
35 error errno -13
36 error Error: EACCES: permission denied, access '/usr/lib/node_modules'
36 error  [Error: EACCES: permission denied, access '/usr/lib/node_modules'] {
36 error   errno: -13,
36 error   code: 'EACCES',
36 error   syscall: 'access',
36 error   path: '/usr/lib/node_modules'
36 error }
37 error The operation was rejected by your operating system.
37 error It is likely you do not have the permissions to access this file as the current user
37 error
37 error If you believe this might be a permissions issue, please double-check the
37 error permissions of the file and its containing directories, or try running
37 error the command again as root/Administrator.
38 verbose exit [ -13, true ]
