0 info it worked if it ends with ok
1 verbose cli [ '/usr/bin/node', '/usr/bin/npm', 'install', 'tmate' ]
2 info using npm@6.14.13
3 info using node@v14.17.2
4 verbose config Skipping project config: /home/ubuntu/.npmrc. (matches userconfig)
5 verbose npm-session 31481d1a00e0e38b
6 silly install loadCurrentTree
7 silly install readLocalPackageData
8 http fetch GET 404 https://registry.npmjs.org/tmate 473ms
9 http fetch GET 404 https://registry.npmjs.org/tmate 406ms
10 silly fetchPackageMetaData error for tmate@latest 404 Not Found - GET https://registry.npmjs.org/tmate - Not found
11 timing stage:rollbackFailedOptional Completed in 0ms
12 timing stage:runTopLevelLifecycles Completed in 2739ms
13 verbose stack Error: 404 Not Found - GET https://registry.npmjs.org/tmate - Not found
13 verbose stack     at /usr/lib/node_modules/npm/node_modules/npm-registry-fetch/check-response.js:117:15
13 verbose stack     at processTicksAndRejections (internal/process/task_queues.js:95:5)
14 verbose statusCode 404
15 verbose pkgid tmate@latest
16 verbose cwd /home/ubuntu
17 verbose Linux 5.4.0-1045-aws
18 verbose argv "/usr/bin/node" "/usr/bin/npm" "install" "tmate"
19 verbose node v14.17.2
20 verbose npm  v6.14.13
21 error code E404
22 error 404 Not Found - GET https://registry.npmjs.org/tmate - Not found
23 error 404
24 error 404 'tmate@latest' is not in the npm registry.
25 error 404 You should bug the author to publish it (or use the name yourself!)
26 error 404 Note that you can also install from a
27 error 404 tarball, folder, http url, or git url.
28 verbose exit [ 1, true ]
